<?xml version="1.0" encoding="UTF-8"?>
<testng-results skipped="0" failed="0" ignored="0" total="1" passed="1">
  <reporter-output>
  </reporter-output>
  <suite name="Default suite" duration-ms="81202" started-at="2022-11-28T16:37:54 IST" finished-at="2022-11-28T16:39:15 IST">
    <groups>
      <group name="cucumber">
        <method signature="AbstractTestNGCucumberTests.runScenario(io.cucumber.testng.PickleWrapper,io.cucumber.testng.FeatureWrapper)[pri:0, instance:runner.RunCuke@4ae82894]" name="runScenario" class="io.cucumber.testng.AbstractTestNGCucumberTests"/>
      </group> <!-- cucumber -->
    </groups>
    <test name="Default test" duration-ms="81202" started-at="2022-11-28T16:37:54 IST" finished-at="2022-11-28T16:39:15 IST">
      <class name="runner.RunCuke">
        <test-method status="PASS" signature="setUpClass(org.testng.ITestContext)[pri:0, instance:runner.RunCuke@4ae82894]" name="setUpClass" is-config="true" duration-ms="1357" started-at="2022-11-28T16:37:54 IST" finished-at="2022-11-28T16:37:56 IST">
          <params>
            <param index="0">
              <value>
                <![CDATA[org.testng.TestRunner@58606c91]]>
              </value>
            </param>
          </params>
          <reporter-output>
          </reporter-output>
        </test-method> <!-- setUpClass -->
        <test-method status="PASS" signature="runScenario(io.cucumber.testng.PickleWrapper,io.cucumber.testng.FeatureWrapper)[pri:0, instance:runner.RunCuke@4ae82894]" name="runScenario" duration-ms="76216" started-at="2022-11-28T16:37:56 IST" description="Runs Cucumber Scenarios" data-provider="scenarios" finished-at="2022-11-28T16:39:12 IST">
          <params>
            <param index="0">
              <value>
                <![CDATA["Searching of a new car"]]>
              </value>
            </param>
            <param index="1">
              <value>
                <![CDATA["Optional[validation of car search page]"]]>
              </value>
            </param>
          </params>
          <reporter-output>
          </reporter-output>
        </test-method> <!-- runScenario -->
        <test-method status="PASS" signature="tearDownClass()[pri:0, instance:runner.RunCuke@4ae82894]" name="tearDownClass" is-config="true" duration-ms="3554" started-at="2022-11-28T16:39:12 IST" finished-at="2022-11-28T16:39:15 IST">
          <reporter-output>
          </reporter-output>
        </test-method> <!-- tearDownClass -->
      </class> <!-- runner.RunCuke -->
    </test> <!-- Default test -->
  </suite> <!-- Default suite -->
</testng-results>
